c:\dev\productionwebselenium\filedisplayprogram\filedisplayprogram\debug\filedisplayprogram.pch
c:\dev\productionwebselenium\filedisplayprogram\filedisplayprogram\debug\vc140.pdb
c:\dev\productionwebselenium\filedisplayprogram\filedisplayprogram\debug\vc140.idb
c:\dev\productionwebselenium\filedisplayprogram\filedisplayprogram\debug\stdafx.obj
c:\dev\productionwebselenium\filedisplayprogram\filedisplayprogram\debug\filedisplayprogram.obj
c:\dev\productionwebselenium\filedisplayprogram\debug\filedisplayprogram.ilk
c:\dev\productionwebselenium\filedisplayprogram\debug\filedisplayprogram.exe
c:\dev\productionwebselenium\filedisplayprogram\debug\filedisplayprogram.pdb
c:\users\james_olney\desktop\stuff\school\oldsemesters\programming 2 and 3\filedisplayprogram\filedisplayprogram\debug\filedisplayprogram.obj
c:\users\james_olney\desktop\stuff\school\oldsemesters\programming 2 and 3\filedisplayprogram\filedisplayprogram\debug\stdafx.obj
c:\users\james_olney\desktop\stuff\school\oldsemesters\programming 2 and 3\filedisplayprogram\filedisplayprogram\debug\filedisplayprogram.pch
c:\users\james_olney\desktop\stuff\school\oldsemesters\programming 2 and 3\filedisplayprogram\filedisplayprogram\debug\vc140.idb
c:\users\james_olney\desktop\stuff\school\oldsemesters\programming 2 and 3\filedisplayprogram\filedisplayprogram\debug\vc140.pdb
c:\users\james_olney\desktop\stuff\school\oldsemesters\programming 2 and 3\filedisplayprogram\debug\filedisplayprogram.pdb
c:\users\james_olney\desktop\stuff\school\oldsemesters\programming 2 and 3\filedisplayprogram\debug\filedisplayprogram.exe
c:\users\james_olney\desktop\stuff\school\oldsemesters\programming 2 and 3\filedisplayprogram\debug\filedisplayprogram.ilk
c:\users\james_olney\desktop\stuff\school\oldsemesters\programming 2 and 3\filedisplayprogram\filedisplayprogram\debug\filedisp.6f8462a4.tlog\cl.command.1.tlog
c:\users\james_olney\desktop\stuff\school\oldsemesters\programming 2 and 3\filedisplayprogram\filedisplayprogram\debug\filedisp.6f8462a4.tlog\cl.read.1.tlog
c:\users\james_olney\desktop\stuff\school\oldsemesters\programming 2 and 3\filedisplayprogram\filedisplayprogram\debug\filedisp.6f8462a4.tlog\cl.write.1.tlog
c:\users\james_olney\desktop\stuff\school\oldsemesters\programming 2 and 3\filedisplayprogram\filedisplayprogram\debug\filedisp.6f8462a4.tlog\link.command.1.tlog
c:\users\james_olney\desktop\stuff\school\oldsemesters\programming 2 and 3\filedisplayprogram\filedisplayprogram\debug\filedisp.6f8462a4.tlog\link.read.1.tlog
c:\users\james_olney\desktop\stuff\school\oldsemesters\programming 2 and 3\filedisplayprogram\filedisplayprogram\debug\filedisp.6f8462a4.tlog\link.write.1.tlog
