c:\users\james_olney\desktop\stuff\school\minmaxproject\minmaxproject\debug\vc140.pdb
c:\users\james_olney\desktop\stuff\school\minmaxproject\minmaxproject\debug\vc140.idb
c:\users\james_olney\desktop\stuff\school\minmaxproject\minmaxproject\debug\minmax.obj
c:\users\james_olney\desktop\stuff\school\minmaxproject\minmaxproject\debug\minmaxproject.obj
c:\users\james_olney\desktop\stuff\school\minmaxproject\debug\minmaxproject.pdb
c:\users\james_olney\desktop\stuff\school\minmaxproject\minmaxproject\debug\minmaxproject.tlog\cl.command.1.tlog
c:\users\james_olney\desktop\stuff\school\minmaxproject\minmaxproject\debug\minmaxproject.tlog\cl.read.1.tlog
c:\users\james_olney\desktop\stuff\school\minmaxproject\minmaxproject\debug\minmaxproject.tlog\cl.write.1.tlog
c:\users\james_olney\desktop\stuff\school\minmaxproject\minmaxproject\debug\minmaxproject.tlog\link-cvtres.read.1.tlog
c:\users\james_olney\desktop\stuff\school\minmaxproject\minmaxproject\debug\minmaxproject.tlog\link-cvtres.write.1.tlog
c:\users\james_olney\desktop\stuff\school\minmaxproject\minmaxproject\debug\minmaxproject.tlog\link-rc.read.1.tlog
c:\users\james_olney\desktop\stuff\school\minmaxproject\minmaxproject\debug\minmaxproject.tlog\link-rc.write.1.tlog
c:\users\james_olney\desktop\stuff\school\minmaxproject\minmaxproject\debug\minmaxproject.tlog\link.12040-cvtres.read.1.tlog
c:\users\james_olney\desktop\stuff\school\minmaxproject\minmaxproject\debug\minmaxproject.tlog\link.12040-cvtres.write.1.tlog
c:\users\james_olney\desktop\stuff\school\minmaxproject\minmaxproject\debug\minmaxproject.tlog\link.12040-rc.read.1.tlog
c:\users\james_olney\desktop\stuff\school\minmaxproject\minmaxproject\debug\minmaxproject.tlog\link.12040-rc.write.1.tlog
c:\users\james_olney\desktop\stuff\school\minmaxproject\minmaxproject\debug\minmaxproject.tlog\link.12040.read.1.tlog
c:\users\james_olney\desktop\stuff\school\minmaxproject\minmaxproject\debug\minmaxproject.tlog\link.12040.write.1.tlog
c:\users\james_olney\desktop\stuff\school\minmaxproject\minmaxproject\debug\minmaxproject.tlog\link.command.1.tlog
c:\users\james_olney\desktop\stuff\school\minmaxproject\minmaxproject\debug\minmaxproject.tlog\link.read.1.tlog
c:\users\james_olney\desktop\stuff\school\minmaxproject\minmaxproject\debug\minmaxproject.tlog\link.write.1.tlog
